  MyForm.cpp
D:\GUI projects\Calculator\Calculator\MyForm.h(327,15): warning C4244: 'initializing': conversion from '__int64' to 'int', possible loss of data
D:\GUI projects\Calculator\Calculator\MyForm.h(328,14): warning C4244: '*=': conversion from 'double' to 'int', possible loss of data
D:\GUI projects\Calculator\Calculator\MyForm.h(338,15): warning C4244: 'initializing': conversion from '__int64' to 'int', possible loss of data
D:\GUI projects\Calculator\Calculator\MyForm.h(339,14): warning C4244: '*=': conversion from 'double' to 'int', possible loss of data
D:\GUI projects\Calculator\Calculator\MyForm.h(349,15): warning C4244: 'initializing': conversion from '__int64' to 'int', possible loss of data
D:\GUI projects\Calculator\Calculator\MyForm.h(350,14): warning C4244: '*=': conversion from 'double' to 'int', possible loss of data
D:\GUI projects\Calculator\Calculator\MyForm.h(360,15): warning C4244: 'initializing': conversion from '__int64' to 'int', possible loss of data
D:\GUI projects\Calculator\Calculator\MyForm.h(361,14): warning C4244: '*=': conversion from 'double' to 'int', possible loss of data
D:\GUI projects\Calculator\Calculator\MyForm.h(371,15): warning C4244: 'initializing': conversion from '__int64' to 'int', possible loss of data
D:\GUI projects\Calculator\Calculator\MyForm.h(372,14): warning C4244: '*=': conversion from 'double' to 'int', possible loss of data
D:\GUI projects\Calculator\Calculator\MyForm.h(382,15): warning C4244: 'initializing': conversion from '__int64' to 'int', possible loss of data
D:\GUI projects\Calculator\Calculator\MyForm.h(383,20): warning C4244: '=': conversion from 'double' to 'int', possible loss of data
D:\GUI projects\Calculator\Calculator\MyForm.h(393,15): warning C4244: 'initializing': conversion from '__int64' to 'int', possible loss of data
D:\GUI projects\Calculator\Calculator\MyForm.h(394,32): warning C4244: '=': conversion from 'double' to 'int', possible loss of data
D:\GUI projects\Calculator\Calculator\MyForm.h(404,15): warning C4244: 'initializing': conversion from '__int64' to 'int', possible loss of data
D:\GUI projects\Calculator\Calculator\MyForm.h(405,30): warning C4244: '=': conversion from 'double' to 'int', possible loss of data
D:\GUI projects\Calculator\Calculator\MyForm.cpp(8,34): warning C4829: Possibly incorrect parameters to function main. Consider 'int main(Platform::Array<Platform::String^>^ argv)'
  MyForm.obj : MSIL module encountered; incremental linking is disabled for MSIL; performing full link
  Calculator.vcxproj -> D:\GUI projects\Calculator\x64\Debug\Calculator.exe
