d:\gui projects\calculator\calculator\x64\release\vc143.pdb
d:\gui projects\calculator\calculator\x64\release\.netframework,version=v4.7.2.assemblyattributes.obj
d:\gui projects\calculator\calculator\x64\release\myform.obj
d:\gui projects\calculator\x64\release\calculator.exe
d:\gui projects\calculator\calculator\x64\release\calculator.vcxproj.assemblyreference.cache
d:\gui projects\calculator\calculator\x64\release\calculator.vcxproj.generateresource.cache
d:\gui projects\calculator\calculator\x64\release\calculator.vcxproj.suggestedbindingredirects.cache
d:\gui projects\calculator\calculator\x64\release\calculator.myform.resources
d:\gui projects\calculator\x64\release\calculator.pdb
d:\gui projects\calculator\calculator\x64\release\calculator.tlog\cl.command.1.tlog
d:\gui projects\calculator\calculator\x64\release\calculator.tlog\cl.read.1.tlog
d:\gui projects\calculator\calculator\x64\release\calculator.tlog\cl.write.1.tlog
d:\gui projects\calculator\calculator\x64\release\calculator.tlog\link.10372.read.1.tlog
d:\gui projects\calculator\calculator\x64\release\calculator.tlog\link.10372.read.2.tlog
d:\gui projects\calculator\calculator\x64\release\calculator.tlog\link.10372.write.1.tlog
d:\gui projects\calculator\calculator\x64\release\calculator.tlog\link.2264-cvtres.read.1.tlog
d:\gui projects\calculator\calculator\x64\release\calculator.tlog\link.2264-cvtres.write.1.tlog
d:\gui projects\calculator\calculator\x64\release\calculator.tlog\link.2264-rc.read.1.tlog
d:\gui projects\calculator\calculator\x64\release\calculator.tlog\link.2264-rc.write.1.tlog
d:\gui projects\calculator\calculator\x64\release\calculator.tlog\link.2264.read.1.tlog
d:\gui projects\calculator\calculator\x64\release\calculator.tlog\link.2264.read.3.tlog
d:\gui projects\calculator\calculator\x64\release\calculator.tlog\link.2264.write.1.tlog
d:\gui projects\calculator\calculator\x64\release\calculator.tlog\link.8636-cvtres.read.1.tlog
d:\gui projects\calculator\calculator\x64\release\calculator.tlog\link.8636-cvtres.write.1.tlog
d:\gui projects\calculator\calculator\x64\release\calculator.tlog\link.8636-rc.read.1.tlog
d:\gui projects\calculator\calculator\x64\release\calculator.tlog\link.8636-rc.write.1.tlog
d:\gui projects\calculator\calculator\x64\release\calculator.tlog\link.8636.read.1.tlog
d:\gui projects\calculator\calculator\x64\release\calculator.tlog\link.8636.read.2.tlog
d:\gui projects\calculator\calculator\x64\release\calculator.tlog\link.8636.write.1.tlog
d:\gui projects\calculator\calculator\x64\release\calculator.tlog\link.9708.read.1.tlog
d:\gui projects\calculator\calculator\x64\release\calculator.tlog\link.9708.read.3.tlog
d:\gui projects\calculator\calculator\x64\release\calculator.tlog\link.9708.write.1.tlog
d:\gui projects\calculator\calculator\x64\release\calculator.tlog\link.command.1.tlog
d:\gui projects\calculator\calculator\x64\release\calculator.tlog\link.read.1.tlog
d:\gui projects\calculator\calculator\x64\release\calculator.tlog\link.read.2.tlog
d:\gui projects\calculator\calculator\x64\release\calculator.tlog\link.read.3.tlog
d:\gui projects\calculator\calculator\x64\release\calculator.tlog\link.write.1.tlog
d:\gui projects\calculator\calculator\x64\release\calculator.tlog\metagen.read.1.tlog
d:\gui projects\calculator\calculator\x64\release\calculator.tlog\metagen.write.1.tlog
d:\gui projects\calculator\calculator\x64\release\calculator.tlog\resgen.command.1.tlog
d:\gui projects\calculator\calculator\x64\release\calculator.tlog\resgen.read.1.tlog
d:\gui projects\calculator\calculator\x64\release\calculator.tlog\resgen.write.1.tlog
